{
  "RSpec": {
    "coverage": {
      "/home/naps62/uplay/profiles/app/models/user.rb": [
        1,
        null,
        1,
        null,
        null,
        null,
        null,
        null,
        null,
        null,
        null,
        null,
        1,
        null,
        null,
        null,
        null,
        null,
        null,
        1,
        null
      ],
      "/home/naps62/uplay/profiles/app/controllers/application_controller.rb": [
        1,
        1,
        null
      ],
      "/home/naps62/uplay/profiles/app/helpers/application_helper.rb": [
        1,
        null
      ],
      "/home/naps62/uplay/profiles/app/controllers/users/omniauth_callbacks_controller.rb": [
        1,
        null,
        1,
        0,
        null,
        null,
        1,
        null,
        1,
        0,
        0,
        0,
        0,
        0,
        null,
        0,
        0,
        null,
        null,
        null,
        null
      ],
      "/home/naps62/uplay/profiles/app/models/authorization.rb": [
        1,
        null,
        1,
        null,
        1,
        null,
        null,
        null,
        null,
        null,
        null,
        null,
        null,
        null,
        null,
        null
      ],
      "/home/naps62/uplay/profiles/app/services/oauth_authenticator.rb": [
        1,
        null,
        1,
        3,
        null,
        null,
        1,
        3,
        3,
        3,
        3,
        null,
        null,
        1,
        null,
        1,
        null,
        1,
        null,
        1,
        3,
        3,
        null,
        null,
        1,
        2,
        2,
        null,
        null,
        1,
        1,
        1,
        null,
        null,
        1,
        3,
        3,
        null,
        null,
        null,
        1,
        null,
        null,
        null,
        null,
        null,
        null,
        null,
        null,
        null,
        3,
        null,
        null,
        1,
        1,
        null,
        null,
        null
      ]
    },
    "timestamp": 1371570640
  }
}
